<?xml version="1.0" encoding="UTF-8"?>
<!-- Generated by org.testng.reporters.JUnitXMLReporter -->
<testsuite ignored="0" hostname="DESKTOP-0PF0MJI" failures="0" tests="5" name="Test" time="43.866" errors="0" timestamp="2024-03-06T14:21:40 IST">
  <testcase classname="TestRunner.TestCase1" name="loginMethod" time="1.74"/>
  <testcase classname="TestRunner.TestCase1" name="SelectProduct" time="0.003"/>
  <testcase classname="TestRunner.TestCase1" name="Addtocard" time="0.01"/>
  <testcase classname="TestRunner.TestCase1" name="finishOrder" time="0.004"/>
  <testcase classname="TestRunner.TestCase1" name="Logout" time="0.003"/>
</testsuite> <!-- Test -->
